<?xml version="1.0" encoding="UTF-8"?>
<testsuite xmlns:xsi="http://www.w3.org/2001/XMLSchema-instance" xsi:noNamespaceSchemaLocation="https://maven.apache.org/surefire/maven-surefire-plugin/xsd/surefire-test-report-3.0.xsd" version="3.0" name="com.tomottowmust.system.SystemApplicationTests" time="16.859" tests="1" errors="0" skipped="0" failures="0">
  <properties>
[...]
</properties>
  <testcase name="contextLoads" classname="com.tomottowmust.system.SystemApplicationTests" time="0.599">
    <system-out><![CDATA[Standard Commons Logging discovery in action with spring-jcl: please remove commons-logging.jar from classpath in order to avoid potential conflicts
11:33:41.406 [main] INFO org.springframework.test.context.support.AnnotationConfigContextLoaderUtils -- Could not detect default configuration classes for test class [com.tomottowmust.system.SystemApplicationTests]: SystemApplicationTests does not declare any static, non-private, non-final, nested classes annotated with @Configuration.
11:33:41.510 [main] INFO org.springframework.boot.test.context.SpringBootTestContextBootstrapper -- Found @SpringBootConfiguration com.tomottowmust.system.SystemApplication for test class com.tomottowmust.system.SystemApplicationTests

  .   ____          _            __ _ _
 /\\ / ___'_ __ _ _(_)_ __  __ _ \ \ \ \
( ( )\___ | '_ | '_| | '_ \/ _` | \ \ \ \
 \\/  ___)| |_)| | | | | || (_| |  ) ) ) )
  '  |____| .__|_| |_|_| |_\__, | / / / /
 =========|_|==============|___/=/_/_/_/
 :: Spring Boot ::                (v3.2.4)

2026-04-02T11:33:41.901+08:00  INFO 16972 --- [system] [           main] c.t.system.SystemApplicationTests        : Starting SystemApplicationTests using Java 17.0.11 with PID 16972 (started by aaa in C:\Users\l\Desktop\system)
2026-04-02T11:33:41.903+08:00  INFO 16972 --- [system] [           main] c.t.system.SystemApplicationTests        : No active profile set, falling back to 1 default profile: "default"
2026-04-02T11:33:42.884+08:00  INFO 16972 --- [system] [           main] .s.d.r.c.RepositoryConfigurationDelegate : Multiple Spring Data modules found, entering strict repository configuration mode
2026-04-02T11:33:42.890+08:00  INFO 16972 --- [system] [           main] .s.d.r.c.RepositoryConfigurationDelegate : Bootstrapping Spring Data Redis repositories in DEFAULT mode.
2026-04-02T11:33:42.921+08:00  INFO 16972 --- [system] [           main] .s.d.r.c.RepositoryConfigurationDelegate : Finished Spring Data repository scanning in 18 ms. Found 0 Redis repository interfaces.
2026-04-02T11:33:43.635+08:00  WARN 16972 --- [system] [           main] trationDelegate$BeanPostProcessorChecker : Bean 'org.apache.rocketmq.spring.autoconfigure.ListenerContainerConfiguration' of type [org.apache.rocketmq.spring.autoconfigure.ListenerContainerConfiguration$$SpringCGLIB$$0] is not eligible for getting processed by all BeanPostProcessors (for example: not eligible for auto-proxying). Is this bean getting eagerly injected into a currently created BeanPostProcessor [org.apache.rocketmq.spring.annotation.RocketMQMessageListenerBeanPostProcessor]? Check the corresponding BeanPostProcessor declaration and its dependencies.
2026-04-02T11:33:43.639+08:00  WARN 16972 --- [system] [           main] trationDelegate$BeanPostProcessorChecker : Bean 'org.apache.rocketmq.spring.autoconfigure.MessageConverterConfiguration' of type [org.apache.rocketmq.spring.autoconfigure.MessageConverterConfiguration$$SpringCGLIB$$0] is not eligible for getting processed by all BeanPostProcessors (for example: not eligible for auto-proxying). Is this bean getting eagerly injected into a currently created BeanPostProcessor [org.apache.rocketmq.spring.annotation.RocketMQMessageListenerBeanPostProcessor]? Check the corresponding BeanPostProcessor declaration and its dependencies.
2026-04-02T11:33:43.691+08:00  WARN 16972 --- [system] [           main] trationDelegate$BeanPostProcessorChecker : Bean 'createRocketMQMessageConverter' of type [org.apache.rocketmq.spring.support.RocketMQMessageConverter] is not eligible for getting processed by all BeanPostProcessors (for example: not eligible for auto-proxying). Is this bean getting eagerly injected into a currently created BeanPostProcessor [org.apache.rocketmq.spring.annotation.RocketMQMessageListenerBeanPostProcessor]? Check the corresponding BeanPostProcessor declaration and its dependencies.
2026-04-02T11:33:43.705+08:00  WARN 16972 --- [system] [           main] trationDelegate$BeanPostProcessorChecker : Bean 'rocketmq-org.apache.rocketmq.spring.autoconfigure.RocketMQProperties' of type [org.apache.rocketmq.spring.autoconfigure.RocketMQProperties] is not eligible for getting processed by all BeanPostProcessors (for example: not eligible for auto-proxying). Is this bean getting eagerly injected into a currently created BeanPostProcessor [org.apache.rocketmq.spring.annotation.RocketMQMessageListenerBeanPostProcessor]? Check the corresponding BeanPostProcessor declaration and its dependencies.
2026-04-02T11:33:43.708+08:00  WARN 16972 --- [system] [           main] trationDelegate$BeanPostProcessorChecker : Bean 'rocketMQMessageListenerContainerRegistrar' of type [org.apache.rocketmq.spring.support.RocketMQMessageListenerContainerRegistrar] is not eligible for getting processed by all BeanPostProcessors (for example: not eligible for auto-proxying). Is this bean getting eagerly injected into a currently created BeanPostProcessor [org.apache.rocketmq.spring.annotation.RocketMQMessageListenerBeanPostProcessor]? Check the corresponding BeanPostProcessor declaration and its dependencies.
2026-04-02T11:33:43.946+08:00  INFO 16972 --- [system] [           main] org.redisson.Version                     : Redisson 3.24.3
2026-04-02T11:33:44.392+08:00  INFO 16972 --- [system] [isson-netty-2-4] o.r.c.pool.MasterPubSubConnectionPool    : 1 connections initialized for 8.136.215.55/8.136.215.55:6379
2026-04-02T11:33:46.387+08:00  INFO 16972 --- [system] [sson-netty-2-19] o.r.c.pool.MasterConnectionPool          : 24 connections initialized for 8.136.215.55/8.136.215.55:6379
Logging initialized using 'class org.apache.ibatis.logging.stdout.StdOutImpl' adapter.
Initialization Sequence datacenterId:0 workerId:31
 _ _   |_  _ _|_. ___ _ |    _ 
| | |\/|_)(_| | |_\  |_)||_|_\ 
     /               |         
                        3.5.5 
2026-04-02T11:33:48.709+08:00  INFO 16972 --- [system] [           main] o.a.r.s.a.RocketMQAutoConfiguration      : a producer (booking-producer-group) init on namesrv 8.136.215.55:9876
Creating a new SqlSession
SqlSession [org.apache.ibatis.session.defaults.DefaultSqlSession@6e149395] was not registered for synchronization because synchronization is not active
2026-04-02T11:33:51.489+08:00  INFO 16972 --- [system] [           main] com.zaxxer.hikari.HikariDataSource       : HikariPool-1 - Starting...
2026-04-02T11:33:51.912+08:00  INFO 16972 --- [system] [           main] com.zaxxer.hikari.pool.HikariPool        : HikariPool-1 - Added connection com.mysql.cj.jdbc.ConnectionImpl@260ccf0
2026-04-02T11:33:51.913+08:00  INFO 16972 --- [system] [           main] com.zaxxer.hikari.HikariDataSource       : HikariPool-1 - Start completed.
JDBC Connection [HikariProxyConnection@159504850 wrapping com.mysql.cj.jdbc.ConnectionImpl@260ccf0] will not be managed by Spring
==>  Preparing: SELECT id,resource_id,stock_date,slot_start,slot_end,total_stock,remain_stock,version,create_time,update_time FROM t_resource_stock
==> Parameters: 
<==    Columns: id, resource_id, stock_date, slot_start, slot_end, total_stock, remain_stock, version, create_time, update_time
<==        Row: 100101, 1001, 2026-03-22, 09:00:00, 10:00:00, 10, 8, 3, 2026-03-22 08:29:50, 2026-03-22 12:59:39
<==        Row: 100102, 1001, 2026-03-22, 10:00:00, 11:00:00, 10, 10, 0, 2026-03-22 08:29:50, 2026-03-22 08:29:50
<==        Row: 100103, 1001, 2026-03-22, 14:00:00, 15:00:00, 10, 10, 0, 2026-03-22 08:29:50, 2026-03-22 08:29:50
<==        Row: 100104, 1001, 2026-03-23, 09:00:00, 10:00:00, 10, 10, 0, 2026-03-22 08:29:50, 2026-03-22 08:29:50
<==        Row: 100105, 1001, 2026-03-23, 10:00:00, 11:00:00, 10, 10, 0, 2026-03-22 08:29:50, 2026-03-22 08:29:50
<==        Row: 100106, 1001, 2026-03-23, 14:00:00, 15:00:00, 10, 10, 0, 2026-03-22 08:29:50, 2026-03-22 08:29:50
<==        Row: 100107, 1001, 2026-03-24, 09:00:00, 10:00:00, 10, 10, 0, 2026-03-22 08:29:50, 2026-03-22 08:29:50
<==        Row: 100108, 1001, 2026-03-24, 10:00:00, 11:00:00, 10, 10, 0, 2026-03-22 08:29:50, 2026-03-22 08:29:50
<==        Row: 100109, 1001, 2026-03-24, 14:00:00, 15:00:00, 10, 10, 0, 2026-03-22 08:29:50, 2026-03-22 08:29:50
<==        Row: 100201, 1002, 2026-03-22, 09:00:00, 10:00:00, 10, 10, 0, 2026-03-22 08:29:50, 2026-03-22 08:29:50
<==        Row: 100202, 1002, 2026-03-22, 10:00:00, 11:00:00, 10, 9, 0, 2026-03-22 08:29:50, 2026-03-22 08:29:53
<==        Row: 100203, 1002, 2026-03-22, 14:00:00, 15:00:00, 10, 10, 0, 2026-03-22 08:29:50, 2026-03-22 08:29:50
<==        Row: 100204, 1002, 2026-03-23, 09:00:00, 10:00:00, 10, 10, 0, 2026-03-22 08:29:50, 2026-03-22 08:29:50
<==        Row: 100205, 1002, 2026-03-23, 10:00:00, 11:00:00, 10, 10, 0, 2026-03-22 08:29:50, 2026-03-22 08:29:50
<==        Row: 100206, 1002, 2026-03-23, 14:00:00, 15:00:00, 10, 10, 0, 2026-03-22 08:29:50, 2026-03-22 08:29:50
<==        Row: 100301, 1003, 2026-03-22, 09:00:00, 10:00:00, 10, 10, 0, 2026-03-22 08:29:50, 2026-03-22 08:29:50
<==        Row: 100302, 1003, 2026-03-22, 10:00:00, 11:00:00, 10, 10, 0, 2026-03-22 08:29:50, 2026-03-22 08:29:50
<==        Row: 100303, 1003, 2026-03-22, 14:00:00, 15:00:00, 10, 10, 0, 2026-03-22 08:29:50, 2026-03-22 08:29:50
<==        Row: 200101, 2001, 2026-03-22, 09:00:00, 10:00:00, 5, 5, 0, 2026-03-22 08:29:50, 2026-03-22 08:29:50
<==        Row: 200102, 2001, 2026-03-22, 10:00:00, 11:00:00, 5, 5, 0, 2026-03-22 08:29:50, 2026-03-22 08:29:50
<==        Row: 200103, 2001, 2026-03-22, 14:00:00, 15:00:00, 5, 5, 0, 2026-03-22 08:29:50, 2026-03-22 08:29:50
<==        Row: 200104, 2001, 2026-03-23, 09:00:00, 10:00:00, 5, 4, 0, 2026-03-22 08:29:50, 2026-03-22 08:29:54
<==        Row: 200105, 2001, 2026-03-23, 10:00:00, 11:00:00, 5, 5, 0, 2026-03-22 08:29:50, 2026-03-22 08:29:50
<==        Row: 200201, 2002, 2026-03-22, 09:00:00, 10:00:00, 5, 5, 0, 2026-03-22 08:29:51, 2026-03-22 08:29:51
<==        Row: 200202, 2002, 2026-03-22, 10:00:00, 11:00:00, 5, 5, 0, 2026-03-22 08:29:51, 2026-03-22 08:29:51
<==        Row: 200203, 2002, 2026-03-22, 14:00:00, 15:00:00, 5, 5, 0, 2026-03-22 08:29:51, 2026-03-22 08:29:51
<==        Row: 300101, 3001, 2026-03-22, 09:00:00, 10:00:00, 1, 0, 0, 2026-03-22 08:29:52, 2026-03-22 08:29:54
<==        Row: 300102, 3001, 2026-03-22, 10:00:00, 11:00:00, 1, 0, 1, 2026-03-22 08:29:52, 2026-03-31 12:22:38
<==        Row: 300103, 3001, 2026-03-22, 14:00:00, 15:00:00, 1, 1, 1, 2026-03-22 08:29:52, 2026-03-31 13:41:05
<==        Row: 300104, 3001, 2026-03-23, 09:00:00, 10:00:00, 1, 0, 1, 2026-03-22 08:29:52, 2026-03-31 12:24:18
<==        Row: 300105, 3001, 2026-03-23, 10:00:00, 11:00:00, 1, 1, 0, 2026-03-22 08:29:52, 2026-03-22 08:29:52
<==        Row: 300106, 3001, 2026-03-23, 14:00:00, 15:00:00, 1, 1, 0, 2026-03-22 08:29:52, 2026-03-22 08:29:52
<==        Row: 300107, 3001, 2026-03-24, 09:00:00, 10:00:00, 1, 1, 0, 2026-03-22 08:29:52, 2026-03-22 08:29:52
<==        Row: 300108, 3001, 2026-03-24, 10:00:00, 11:00:00, 1, 1, 0, 2026-03-22 08:29:52, 2026-03-22 08:29:52
<==        Row: 300109, 3001, 2026-03-24, 14:00:00, 15:00:00, 1, 1, 0, 2026-03-22 08:29:52, 2026-03-22 08:29:52
<==        Row: 300201, 3002, 2026-03-22, 09:00:00, 10:00:00, 1, 1, 0, 2026-03-22 08:29:52, 2026-03-22 08:29:52
<==        Row: 300202, 3002, 2026-03-22, 10:00:00, 11:00:00, 1, 1, 0, 2026-03-22 08:29:52, 2026-03-22 08:29:52
<==        Row: 300203, 3002, 2026-03-22, 14:00:00, 15:00:00, 1, 1, 0, 2026-03-22 08:29:52, 2026-03-22 08:29:52
<==        Row: 300204, 3002, 2026-03-23, 09:00:00, 10:00:00, 1, 1, 0, 2026-03-22 08:29:52, 2026-03-22 08:29:52
<==        Row: 300205, 3002, 2026-03-23, 10:00:00, 11:00:00, 1, 1, 0, 2026-03-22 08:29:52, 2026-03-22 08:29:52
<==        Row: 300206, 3002, 2026-03-23, 14:00:00, 15:00:00, 1, 1, 0, 2026-03-22 08:29:52, 2026-03-22 08:29:52
<==        Row: 400101, 4001, 2026-03-22, 09:00:00, 10:00:00, 3, 3, 0, 2026-03-22 08:29:52, 2026-03-22 08:29:52
<==        Row: 400102, 4001, 2026-03-22, 10:00:00, 11:00:00, 3, 3, 0, 2026-03-22 08:29:52, 2026-03-22 08:29:52
<==        Row: 400103, 4001, 2026-03-22, 14:00:00, 15:00:00, 3, 2, 0, 2026-03-22 08:29:52, 2026-03-22 08:29:54
<==        Row: 400104, 4001, 2026-03-23, 09:00:00, 10:00:00, 3, 3, 0, 2026-03-22 08:29:52, 2026-03-22 08:29:52
<==        Row: 400105, 4001, 2026-03-23, 10:00:00, 11:00:00, 3, 3, 0, 2026-03-22 08:29:52, 2026-03-22 08:29:52
<==        Row: 400201, 4002, 2026-03-22, 09:00:00, 10:00:00, 2, 2, 1, 2026-03-22 08:29:53, 2026-03-31 13:38:59
<==        Row: 400202, 4002, 2026-03-22, 10:00:00, 11:00:00, 2, 2, 0, 2026-03-22 08:29:53, 2026-03-22 08:29:53
<==        Row: 2038967469141401602, 2036424609800134658, 2026-04-05, 09:00:00, 10:00:00, 8, 7, 1, 2026-03-31 13:11:40, 2026-03-31 14:05:48
<==        Row: 2039312562700468225, 2039312495037956098, 2026-04-17, 09:00:00, 10:00:00, 10, 10, 0, 2026-04-01 12:02:56, 2026-04-01 12:02:56
<==        Row: 2039314091423576066, 2039313793992896514, 2026-04-23, 09:00:00, 10:00:00, 10, 10, 0, 2026-04-01 12:09:01, 2026-04-01 12:09:01
<==        Row: 2039314899951169538, 2039314804874686465, 2026-04-02, 09:00:00, 10:00:00, 10, 10, 0, 2026-04-01 12:12:13, 2026-04-01 12:12:13
<==      Total: 52
Closing non transactional SqlSession [org.apache.ibatis.session.defaults.DefaultSqlSession@6e149395]
2026-04-02T11:33:52.754+08:00  INFO 16972 --- [system] [           main] ocketMQMessageListenerContainerRegistrar : Register the listener to container, listenerBeanName:bookingConsumer, containerBeanName:org.apache.rocketmq.spring.support.DefaultRocketMQListenerContainer_1
2026-04-02T11:33:54.455+08:00  INFO 16972 --- [system] [           main] o.s.b.a.e.web.EndpointLinksResolver      : Exposing 1 endpoint(s) beneath base path '/actuator'
2026-04-02T11:33:57.468+08:00  INFO 16972 --- [system] [           main] a.r.s.s.DefaultRocketMQListenerContainer : running container: DefaultRocketMQListenerContainer{consumerGroup='booking-consumer-group', namespace='', namespaceV2='', nameServer='8.136.215.55:9876', topic='booking-topic', consumeMode=CONCURRENTLY, selectorType=TAG, selectorExpression='order', messageModel=CLUSTERING', tlsEnable=false, instanceName=DEFAULT}
2026-04-02T11:33:57.478+08:00  INFO 16972 --- [system] [           main] c.t.system.SystemApplicationTests        : Started SystemApplicationTests in 15.824 seconds (process running for 16.715)
]]></system-out>
  </testcase>
</testsuite>